Run started: 2026-04-13 18:18:39
Logging to: outputs\efficientnet_b2_v2\logs\train.log

========================================================================
TRAIN efficientnet_b2_v2
========================================================================

========================================================================
DATA SUMMARY
========================================================================
Device: cuda
Classes: ['real', 'fake']
Mapping: {'real': 0, 'fake': 1}
Train split size: 72327
Val split size: 18082
Test size: 21776
Model config: {'arch': 'efficientnet_b2', 'img_size': 260, 'dropout': 0.3, 'drop_path_rate': 0.0, 'freeze_backbone': False, 'partial_finetune': True, 'partial_finetune_blocks': 30}
Train config: {'epochs': 1, 'lr': 0.0005, 'weight_decay': 0.0001, 'label_smoothing': 0.0, 'optimizer': 'adamw', 'early_stopping_patience': 3, 'early_stopping_min_delta': 0.0005, 'scheduler': {'name': 'reduce_on_plateau', 'mode': 'max', 'factor': 0.5, 'patience': 1, 'min_lr': 1e-06}}
Diagnostics config: {'eval_test_each_epoch': False, 'save_top_mistakes': 50}
Current learning rates: [0.0005]
epoch=1 train_loss=0.1148 val_auc=0.9991 val_bal_acc_0.5=0.9762 val_bal_acc_best=0.9867 best_t=0.88 time=407.4s
Validation AUC=0.9991 | bal_acc@0.5=0.9762 | bal_acc@best=0.9867 | best_t=0.88
Validation true counts: [9763 8319] | pred@0.5: [9367 8715] | pred@best: [9734 8348]
Validation prob means | real=0.0674 fake=0.9934 gap=0.9260
Saved best checkpoint: models/efficientnet_b2/v2/checkpoints\best.pt
Saved training summary: outputs/efficientnet_b2_v2\train_summary.json
