Run started: 2026-04-13 15:52:42
Logging to: outputs\ensemble_v3\logs\ensemble_train.log

========================================================================
ENSEMBLE V3 TRAINING WITH VALIDATION MODEL COMPARISON
========================================================================
Device: cuda
Base ensemble method: probability_average
Initial ensemble weights: {'swin': 0.5, 'efficientnet': 0.5}
Post-training weight search enabled: False
Swin config: {'model_name': 'swin_tiny_patch4_window7_224', 'img_size': 224, 'dropout': 0.2, 'drop_path_rate': 0.2, 'lr': 0.0001, 'weight_decay': 5e-05, 'freeze_backbone': False, 'label_smoothing': 0.05}
EfficientNet config: {'model_name': 'efficientnet_b0', 'img_size': 224, 'dropout': 0.2, 'lr': 0.0005, 'weight_decay': 0.0001, 'freeze_backbone': False, 'partial_finetune': True, 'label_smoothing': 0.0, 'scheduler': {'enabled': True, 'mode': 'max', 'factor': 0.5, 'patience': 1, 'min_lr': 1e-06}}
Threshold search config: {'start': 0.3, 'end': 0.7, 'step': 0.01}
Validation split path: outputs/ensemble_v3/fixed_val_split_seed99.json

========================================================================
DATA SUMMARY
========================================================================
Classes: ['fake', 'real']
Mapping: {'fake': 0, 'real': 1}
Total train folder size: 90409
Train split size: 81368
Val split size: 9041
Train batches: 5086
Val batches: 566
Train split counts (real=0,fake=1): [43933, 37435]
Val split counts (real=0,fake=1): [4882, 4159]
LABEL SANITY CHECK
class_to_idx: {'fake': 0, 'real': 1}
fake_idx: 0
batch=1 raw_unique=[0, 1] raw_counts=[9, 7]
batch=1 bin_unique=[0, 1] bin_counts=[7, 9]
batch=1 first_10_raw=[1, 0, 0, 0, 0, 0, 0, 1, 1, 1]
batch=1 first_10_bin=[0, 1, 1, 1, 1, 1, 1, 0, 0, 0]
batch=2 raw_unique=[0, 1] raw_counts=[9, 7]
batch=2 bin_unique=[0, 1] bin_counts=[7, 9]
batch=2 first_10_raw=[1, 0, 0, 1, 0, 1, 1, 0, 0, 1]
batch=2 first_10_bin=[0, 1, 1, 0, 1, 0, 0, 1, 1, 0]
batch=3 raw_unique=[0, 1] raw_counts=[5, 11]
batch=3 bin_unique=[0, 1] bin_counts=[11, 5]
batch=3 first_10_raw=[1, 1, 1, 1, 1, 0, 0, 1, 1, 0]
batch=3 first_10_bin=[0, 0, 0, 0, 0, 1, 1, 0, 0, 1]
Using BCEWithLogitsLoss on branch logits only
No pos_weight is being used
Checkpoint selection metric: validation AUC on fixed 50/50 ensemble

========================================================================
EPOCH 1/8
========================================================================
