Run started: 2026-04-13 19:28:38
Logging to: outputs\efficientnet_b2_v2_deepdetect\logs\train.log

========================================================================
TRAIN efficientnet_b2_v2_deepdetect
========================================================================

========================================================================
DATA SUMMARY
========================================================================
Device: cuda
Classes: ['fake', 'real']
Mapping: {'fake': 0, 'real': 1}
Train split size: 72319
Val-select split size: 9040
Val-tune split size: 9040
Test size: 21766
Model config: {'arch': 'efficientnet_b2', 'img_size': 260, 'dropout': 0.3, 'drop_path_rate': 0.0, 'freeze_backbone': False, 'partial_finetune': True, 'partial_finetune_blocks': 30}
Train config: {'epochs': 1, 'lr': 0.0005, 'weight_decay': 0.0001, 'label_smoothing': 0.0, 'optimizer': 'adamw', 'early_stopping_patience': 3, 'early_stopping_min_delta': 0.0005, 'scheduler': {'name': 'reduce_on_plateau', 'mode': 'max', 'factor': 0.5, 'patience': 1, 'min_lr': 1e-06}}
Diagnostics config: {'eval_test_each_epoch': False, 'save_top_mistakes': 50}
Current learning rates: [0.0005]
epoch=1 train_loss=0.0991 val_select_auc=0.9998 val_select_bal_acc_0.5=0.9883 time=381.4s
Val-Select AUC=0.9998 | bal_acc@0.5=0.9883 | acc@0.5=0.9875
Val-Select true counts: [4881 4159] | pred@0.5: [4784 4256]
Val-Select prob means | real=0.0335 fake=0.9956 gap=0.9621
Saved best checkpoint: models/efficientnet_b2/v2_deepdetect/checkpoints\best.pt

========================================================================
POST-TRAIN THRESHOLD TUNING ON VAL-TUNE
========================================================================
Val-Tune AUC=0.9998 | bal_acc@0.5=0.9908 | bal_acc@best=0.9948 | best_t=0.90
Val-Tune true counts: [4881 4159] | pred@0.5: [4804 4236] | pred@best: [4898 4142]
Val-Tune prob means | real=0.0289 fake=0.9958 gap=0.9669
Updated checkpoint with frozen threshold: models/efficientnet_b2/v2_deepdetect/checkpoints\best.pt
Saved training summary: outputs/efficientnet_b2_v2_deepdetect\train_summary.json
